2021-11-22 15:31:37,662 [Worker-4: Loading available Gradle versions] INFO  o.e.b.c.i.u.g.PublishedGradleVersions - Gradle version information cache is up-to-date. Trying to read.
2021-11-22 15:32:33,387 [Worker-11: Importing Maven projects] INFO  o.e.m.c.i.l.LifecycleMappingFactory - Using org.eclipse.m2e.jdt.JarLifecycleMapping lifecycle mapping for MavenProject: com.microservices:eureka-naming-server:0.0.1-SNAPSHOT @ C:\Workspace\CurrancyConversion\eureka-naming-server\pom.xml.
2021-11-22 15:32:43,275 [Worker-11: Importing Maven projects] INFO  o.e.m.j.i.AbstractJavaProjectConfigurator - Adding source folder /eureka-naming-server/src/main/java
2021-11-22 15:32:43,275 [Worker-11: Importing Maven projects] INFO  o.e.m.j.i.AbstractJavaProjectConfigurator - Adding resource folder /eureka-naming-server/src/main/resources
2021-11-22 15:32:43,277 [Worker-11: Importing Maven projects] INFO  o.e.m.j.i.AbstractJavaProjectConfigurator - Adding resource folder /eureka-naming-server/src/main/resources
2021-11-22 15:32:43,277 [Worker-11: Importing Maven projects] INFO  o.e.m.j.i.AbstractJavaProjectConfigurator - Adding source folder /eureka-naming-server/src/test/java
2021-11-22 15:32:43,452 [Worker-11: Importing Maven projects] INFO  o.e.m.c.i.p.ProjectConfigurationManager - Imported and configured 1 project(s) in 15 sec
2021-11-22 15:32:45,913 [Worker-9: Building workspace] INFO  o.e.m.c.i.embedder.EclipseLogger - Using 'UTF-8' encoding to copy filtered resources.
2021-11-22 15:32:45,916 [Worker-9: Building workspace] INFO  o.e.m.c.i.embedder.EclipseLogger - Copying 1 resource
2021-11-22 15:32:45,930 [Worker-9: Building workspace] INFO  o.e.m.c.i.embedder.EclipseLogger - Copying 0 resource
2021-11-22 15:32:45,933 [Worker-9: Building workspace] INFO  o.e.m.c.i.embedder.EclipseLogger - Using 'UTF-8' encoding to copy filtered resources.
2021-11-22 15:32:45,934 [Worker-9: Building workspace] INFO  o.e.m.c.i.embedder.EclipseLogger - skip non existing resourceDirectory C:\Workspace\CurrancyConversion\eureka-naming-server\src\test\resources
2021-11-22 15:33:46,717 [Worker-2: Loading available Gradle versions] INFO  o.e.b.c.i.u.g.PublishedGradleVersions - Gradle version information cache is up-to-date. Trying to read.
2021-11-22 15:34:03,902 [Worker-2: Importing Maven projects] INFO  o.e.m.c.i.l.LifecycleMappingFactory - Using org.eclipse.m2e.jdt.JarLifecycleMapping lifecycle mapping for MavenProject: com.microservices:eureka-naming-server:0.0.1-SNAPSHOT @ C:\IBM\MyMicroservice\eureka-naming-server\pom.xml.
2021-11-22 15:34:04,794 [Worker-2: Importing Maven projects] INFO  o.e.m.j.i.AbstractJavaProjectConfigurator - Adding source folder /eureka-naming-server/src/main/java
2021-11-22 15:34:04,795 [Worker-2: Importing Maven projects] INFO  o.e.m.j.i.AbstractJavaProjectConfigurator - Adding resource folder /eureka-naming-server/src/main/resources
2021-11-22 15:34:04,795 [Worker-2: Importing Maven projects] INFO  o.e.m.j.i.AbstractJavaProjectConfigurator - Adding resource folder /eureka-naming-server/src/main/resources
2021-11-22 15:34:04,795 [Worker-2: Importing Maven projects] INFO  o.e.m.j.i.AbstractJavaProjectConfigurator - Adding source folder /eureka-naming-server/src/test/java
2021-11-22 15:34:05,072 [Worker-2: Importing Maven projects] INFO  o.e.m.c.i.p.ProjectConfigurationManager - Imported and configured 1 project(s) in 2 sec
2021-11-22 15:34:07,246 [Worker-5: Building workspace] INFO  o.e.m.c.i.embedder.EclipseLogger - Using 'UTF-8' encoding to copy filtered resources.
2021-11-22 15:34:07,251 [Worker-5: Building workspace] INFO  o.e.m.c.i.embedder.EclipseLogger - Copying 1 resource
2021-11-22 15:34:07,266 [Worker-5: Building workspace] INFO  o.e.m.c.i.embedder.EclipseLogger - Copying 0 resource
2021-11-22 15:34:07,269 [Worker-5: Building workspace] INFO  o.e.m.c.i.embedder.EclipseLogger - Using 'UTF-8' encoding to copy filtered resources.
2021-11-22 15:34:07,269 [Worker-5: Building workspace] INFO  o.e.m.c.i.embedder.EclipseLogger - skip non existing resourceDirectory C:\IBM\MyMicroservice\eureka-naming-server\src\test\resources
2021-11-22 15:35:14,215 [Worker-3: Creating maven-archetype-quickstart] INFO  o.e.m.c.i.p.ProjectConfigurationManager - Collecting project info '/pom.xml' C:\IBM\MyMicroservice\StoreLogin\pom.xml
2021-11-22 15:35:16,060 [Worker-3: Creating maven-archetype-quickstart] INFO  o.e.m.c.i.l.LifecycleMappingFactory - Using org.eclipse.m2e.jdt.JarLifecycleMapping lifecycle mapping for MavenProject: login:StoreLogin:0.0.1-SNAPSHOT @ C:\IBM\MyMicroservice\StoreLogin\pom.xml.
2021-11-22 15:35:16,979 [Worker-3: Creating maven-archetype-quickstart] INFO  o.e.m.j.i.AbstractJavaProjectConfigurator - Adding source folder /StoreLogin/src/main/java
2021-11-22 15:35:16,987 [Worker-3: Creating maven-archetype-quickstart] INFO  o.e.m.j.i.AbstractJavaProjectConfigurator - Adding source folder /StoreLogin/src/test/java
2021-11-22 15:35:17,076 [Worker-3: Creating maven-archetype-quickstart] INFO  o.e.m.c.i.p.ProjectConfigurationManager - Imported and configured 1 project(s) in 2 sec
2021-11-22 15:35:17,414 [Worker-10: Building workspace] INFO  o.e.m.c.i.embedder.EclipseLogger - Using 'UTF-8' encoding to copy filtered resources.
2021-11-22 15:35:17,414 [Worker-10: Building workspace] INFO  o.e.m.c.i.embedder.EclipseLogger - skip non existing resourceDirectory C:\IBM\MyMicroservice\StoreLogin\src\main\resources
2021-11-22 15:35:17,415 [Worker-10: Building workspace] INFO  o.e.m.c.i.embedder.EclipseLogger - Using 'UTF-8' encoding to copy filtered resources.
2021-11-22 15:35:17,416 [Worker-10: Building workspace] INFO  o.e.m.c.i.embedder.EclipseLogger - skip non existing resourceDirectory C:\IBM\MyMicroservice\StoreLogin\src\test\resources
2021-11-22 15:36:19,160 [Worker-1: Building workspace] INFO  o.e.m.c.i.embedder.EclipseLogger - Using 'UTF-8' encoding to copy filtered resources.
2021-11-22 15:36:19,160 [Worker-1: Building workspace] INFO  o.e.m.c.i.embedder.EclipseLogger - skip non existing resourceDirectory C:\IBM\MyMicroservice\StoreLogin\src\main\resources
2021-11-22 15:36:19,161 [Worker-1: Building workspace] INFO  o.e.m.c.i.embedder.EclipseLogger - Using 'UTF-8' encoding to copy filtered resources.
2021-11-22 15:36:19,161 [Worker-1: Building workspace] INFO  o.e.m.c.i.embedder.EclipseLogger - skip non existing resourceDirectory C:\IBM\MyMicroservice\StoreLogin\src\test\resources
2021-11-22 15:36:19,195 [Worker-1: Building workspace] INFO  o.e.m.c.i.embedder.EclipseLogger - Using 'UTF-8' encoding to copy filtered resources.
2021-11-22 15:36:19,196 [Worker-1: Building workspace] INFO  o.e.m.c.i.embedder.EclipseLogger - Copying 0 resource
2021-11-22 15:36:19,197 [Worker-1: Building workspace] INFO  o.e.m.c.i.embedder.EclipseLogger - Copying 0 resource
2021-11-22 15:36:19,198 [Worker-1: Building workspace] INFO  o.e.m.c.i.embedder.EclipseLogger - Using 'UTF-8' encoding to copy filtered resources.
2021-11-22 15:36:19,199 [Worker-1: Building workspace] INFO  o.e.m.c.i.embedder.EclipseLogger - skip non existing resourceDirectory C:\IBM\MyMicroservice\eureka-naming-server\src\test\resources
2021-11-22 15:47:09,013 [Worker-12: Building workspace] INFO  o.e.m.c.i.embedder.EclipseLogger - Using 'UTF-8' encoding to copy filtered resources.
2021-11-22 15:47:09,013 [Worker-12: Building workspace] INFO  o.e.m.c.i.embedder.EclipseLogger - skip non existing resourceDirectory C:\IBM\MyMicroservice\StoreLogin\src\main\resources
2021-11-22 15:47:09,015 [Worker-12: Building workspace] INFO  o.e.m.c.i.embedder.EclipseLogger - Using 'UTF-8' encoding to copy filtered resources.
2021-11-22 15:47:09,015 [Worker-12: Building workspace] INFO  o.e.m.c.i.embedder.EclipseLogger - skip non existing resourceDirectory C:\IBM\MyMicroservice\StoreLogin\src\test\resources
2021-11-22 15:47:49,018 [Worker-15: Building workspace] INFO  o.e.m.c.i.embedder.EclipseLogger - Using 'UTF-8' encoding to copy filtered resources.
2021-11-22 15:47:49,031 [Worker-15: Building workspace] INFO  o.e.m.c.i.embedder.EclipseLogger - Copying 5 resources
2021-11-22 15:47:49,042 [Worker-15: Building workspace] INFO  o.e.m.c.i.embedder.EclipseLogger - Using 'UTF-8' encoding to copy filtered resources.
2021-11-22 15:47:49,042 [Worker-15: Building workspace] INFO  o.e.m.c.i.embedder.EclipseLogger - skip non existing resourceDirectory C:\IBM\MyMicroservice\StoreLogin\src\test\resources
2021-11-22 21:08:26,889 [Worker-111: Building workspace] INFO  o.e.m.c.i.embedder.EclipseLogger - Using 'UTF-8' encoding to copy filtered resources.
2021-11-22 21:08:26,892 [Worker-111: Building workspace] INFO  o.e.m.c.i.embedder.EclipseLogger - Copying 5 resources
2021-11-22 21:08:26,935 [Worker-111: Building workspace] INFO  o.e.m.c.i.embedder.EclipseLogger - Using 'UTF-8' encoding to copy filtered resources.
2021-11-22 21:08:26,935 [Worker-111: Building workspace] INFO  o.e.m.c.i.embedder.EclipseLogger - skip non existing resourceDirectory C:\IBM\MyMicroservice\StoreLogin\src\test\resources
2021-11-22 21:08:27,626 [Worker-111: Building workspace] INFO  o.e.m.c.i.embedder.EclipseLogger - Using 'UTF-8' encoding to copy filtered resources.
2021-11-22 21:08:27,627 [Worker-111: Building workspace] INFO  o.e.m.c.i.embedder.EclipseLogger - Copying 0 resource
2021-11-22 21:08:27,627 [Worker-111: Building workspace] INFO  o.e.m.c.i.embedder.EclipseLogger - Copying 0 resource
2021-11-22 21:08:27,629 [Worker-111: Building workspace] INFO  o.e.m.c.i.embedder.EclipseLogger - Using 'UTF-8' encoding to copy filtered resources.
2021-11-22 21:08:27,629 [Worker-111: Building workspace] INFO  o.e.m.c.i.embedder.EclipseLogger - skip non existing resourceDirectory C:\IBM\MyMicroservice\eureka-naming-server\src\test\resources
2021-11-22 21:08:34,370 [Worker-113: Building workspace] INFO  o.e.m.c.i.embedder.EclipseLogger - Using 'UTF-8' encoding to copy filtered resources.
2021-11-22 21:08:34,371 [Worker-113: Building workspace] INFO  o.e.m.c.i.embedder.EclipseLogger - Copying 5 resources
2021-11-22 21:08:34,378 [Worker-113: Building workspace] INFO  o.e.m.c.i.embedder.EclipseLogger - Using 'UTF-8' encoding to copy filtered resources.
2021-11-22 21:08:34,378 [Worker-113: Building workspace] INFO  o.e.m.c.i.embedder.EclipseLogger - skip non existing resourceDirectory C:\IBM\MyMicroservice\StoreLogin\src\test\resources
2021-11-22 21:08:55,042 [Worker-113: Building workspace] INFO  o.e.m.c.i.embedder.EclipseLogger - Using 'UTF-8' encoding to copy filtered resources.
2021-11-22 21:08:55,043 [Worker-113: Building workspace] INFO  o.e.m.c.i.embedder.EclipseLogger - Copying 5 resources
2021-11-22 21:08:55,049 [Worker-113: Building workspace] INFO  o.e.m.c.i.embedder.EclipseLogger - Using 'UTF-8' encoding to copy filtered resources.
2021-11-22 21:08:55,049 [Worker-113: Building workspace] INFO  o.e.m.c.i.embedder.EclipseLogger - skip non existing resourceDirectory C:\IBM\MyMicroservice\StoreLogin\src\test\resources
2021-11-22 21:09:08,919 [Worker-105: Launching Executing install in C__IBM_MyMicroservice_StoreLogin] INFO  o.e.m.i.launch.MavenLaunchDelegate - C:\IBM\MyMicroservice\StoreLogin
2021-11-22 21:09:08,920 [Worker-105: Launching Executing install in C__IBM_MyMicroservice_StoreLogin] INFO  o.e.m.i.launch.MavenLaunchDelegate -  mvn -B install -Dstyle.color=always
2021-11-22 21:09:14,378 [Worker-111: Building workspace] INFO  o.e.m.c.i.embedder.EclipseLogger - Using 'UTF-8' encoding to copy filtered resources.
2021-11-22 21:09:14,378 [Worker-111: Building workspace] INFO  o.e.m.c.i.embedder.EclipseLogger - Copying 0 resource
2021-11-22 21:09:14,380 [Worker-111: Building workspace] INFO  o.e.m.c.i.embedder.EclipseLogger - Using 'UTF-8' encoding to copy filtered resources.
2021-11-22 21:09:14,381 [Worker-111: Building workspace] INFO  o.e.m.c.i.embedder.EclipseLogger - skip non existing resourceDirectory C:\IBM\MyMicroservice\StoreLogin\src\test\resources
2021-11-22 21:12:13,608 [Worker-105: Building workspace] INFO  o.e.m.c.i.l.LifecycleMappingFactory - Using org.eclipse.m2e.jdt.JarLifecycleMapping lifecycle mapping for MavenProject: grocery:store:0.0.1-SNAPSHOT @ C:\IBM\MyMicroservice\StoreLogin\pom.xml.
2021-11-22 21:12:17,127 [Worker-105: Building workspace] INFO  o.e.m.c.i.embedder.EclipseLogger - Using 'UTF-8' encoding to copy filtered resources.
2021-11-22 21:12:17,130 [Worker-105: Building workspace] INFO  o.e.m.c.i.embedder.EclipseLogger - Copying 0 resource
2021-11-22 21:12:17,131 [Worker-105: Building workspace] INFO  o.e.m.c.i.embedder.EclipseLogger - Copying 0 resource
2021-11-22 21:12:17,134 [Worker-105: Building workspace] INFO  o.e.m.c.i.embedder.EclipseLogger - Using 'UTF-8' encoding to copy filtered resources.
2021-11-22 21:12:17,134 [Worker-105: Building workspace] INFO  o.e.m.c.i.embedder.EclipseLogger - skip non existing resourceDirectory C:\IBM\MyMicroservice\StoreLogin\src\test\resources
2021-11-22 21:12:19,181 [Worker-115: Building workspace] INFO  o.e.m.c.i.embedder.EclipseLogger - Using 'UTF-8' encoding to copy filtered resources.
2021-11-22 21:12:19,183 [Worker-115: Building workspace] INFO  o.e.m.c.i.embedder.EclipseLogger - Copying 2 resources
2021-11-22 21:12:19,203 [Worker-115: Building workspace] INFO  o.e.m.c.i.embedder.EclipseLogger - Copying 3 resources
2021-11-22 21:12:19,218 [Worker-115: Building workspace] INFO  o.e.m.c.i.embedder.EclipseLogger - Using 'UTF-8' encoding to copy filtered resources.
2021-11-22 21:12:19,218 [Worker-115: Building workspace] INFO  o.e.m.c.i.embedder.EclipseLogger - skip non existing resourceDirectory C:\IBM\MyMicroservice\StoreLogin\src\test\resources
2021-11-22 21:12:54,473 [Worker-115: Building workspace] INFO  o.e.m.c.i.l.LifecycleMappingFactory - Using org.eclipse.m2e.jdt.JarLifecycleMapping lifecycle mapping for MavenProject: grocery:StoreLogin:0.0.1-SNAPSHOT @ C:\IBM\MyMicroservice\StoreLogin\pom.xml.
2021-11-22 21:12:54,733 [Worker-115: Building workspace] INFO  o.e.m.c.i.embedder.EclipseLogger - Using 'UTF-8' encoding to copy filtered resources.
2021-11-22 21:12:54,735 [Worker-115: Building workspace] INFO  o.e.m.c.i.embedder.EclipseLogger - Copying 0 resource
2021-11-22 21:12:54,735 [Worker-115: Building workspace] INFO  o.e.m.c.i.embedder.EclipseLogger - Copying 0 resource
2021-11-22 21:12:54,737 [Worker-115: Building workspace] INFO  o.e.m.c.i.embedder.EclipseLogger - Using 'UTF-8' encoding to copy filtered resources.
2021-11-22 21:12:54,737 [Worker-115: Building workspace] INFO  o.e.m.c.i.embedder.EclipseLogger - skip non existing resourceDirectory C:\IBM\MyMicroservice\StoreLogin\src\test\resources
2021-11-22 21:13:01,561 [Worker-111: Building workspace] INFO  o.e.m.c.i.l.LifecycleMappingFactory - Using org.eclipse.m2e.jdt.JarLifecycleMapping lifecycle mapping for MavenProject: login:StoreLogin:0.0.1-SNAPSHOT @ C:\IBM\MyMicroservice\StoreLogin\pom.xml.
2021-11-22 21:13:01,918 [Worker-111: Building workspace] INFO  o.e.m.c.i.embedder.EclipseLogger - Using 'UTF-8' encoding to copy filtered resources.
2021-11-22 21:13:01,921 [Worker-111: Building workspace] INFO  o.e.m.c.i.embedder.EclipseLogger - Copying 2 resources
2021-11-22 21:13:01,930 [Worker-111: Building workspace] INFO  o.e.m.c.i.embedder.EclipseLogger - Copying 3 resources
2021-11-22 21:13:01,932 [Worker-111: Building workspace] INFO  o.e.m.c.i.embedder.EclipseLogger - Using 'UTF-8' encoding to copy filtered resources.
2021-11-22 21:13:01,932 [Worker-111: Building workspace] INFO  o.e.m.c.i.embedder.EclipseLogger - skip non existing resourceDirectory C:\IBM\MyMicroservice\StoreLogin\src\test\resources
2021-11-22 21:13:16,133 [Worker-116: Launching Executing install in C__IBM_MyMicroservice_StoreLogin] INFO  o.e.m.i.launch.MavenLaunchDelegate - C:\IBM\MyMicroservice\StoreLogin
2021-11-22 21:13:16,133 [Worker-116: Launching Executing install in C__IBM_MyMicroservice_StoreLogin] INFO  o.e.m.i.launch.MavenLaunchDelegate -  mvn -B install -Dstyle.color=always
2021-11-22 21:13:22,683 [Worker-115: Building workspace] INFO  o.e.m.c.i.embedder.EclipseLogger - Using 'UTF-8' encoding to copy filtered resources.
2021-11-22 21:13:22,685 [Worker-115: Building workspace] INFO  o.e.m.c.i.embedder.EclipseLogger - Copying 2 resources
2021-11-22 21:13:22,690 [Worker-115: Building workspace] INFO  o.e.m.c.i.embedder.EclipseLogger - Copying 3 resources
2021-11-22 21:13:22,694 [Worker-115: Building workspace] INFO  o.e.m.c.i.embedder.EclipseLogger - Using 'UTF-8' encoding to copy filtered resources.
2021-11-22 21:13:22,694 [Worker-115: Building workspace] INFO  o.e.m.c.i.embedder.EclipseLogger - skip non existing resourceDirectory C:\IBM\MyMicroservice\StoreLogin\src\test\resources
2021-11-22 21:13:50,253 [Worker-116: Updating Maven Project] INFO  o.e.m.c.i.p.ProjectConfigurationManager - Update started
2021-11-22 21:13:50,559 [Worker-116: Updating Maven Project] INFO  o.e.m.c.i.l.LifecycleMappingFactory - Using org.eclipse.m2e.jdt.JarLifecycleMapping lifecycle mapping for MavenProject: login:StoreLogin:0.0.1-SNAPSHOT @ C:\IBM\MyMicroservice\StoreLogin\pom.xml.
2021-11-22 21:13:50,822 [Worker-116: Updating Maven Project] INFO  o.e.m.j.i.AbstractJavaProjectConfigurator - Adding source folder /StoreLogin/src/main/java
2021-11-22 21:13:50,823 [Worker-116: Updating Maven Project] INFO  o.e.m.j.i.AbstractJavaProjectConfigurator - Adding resource folder /StoreLogin/src/main/resources
2021-11-22 21:13:50,838 [Worker-116: Updating Maven Project] INFO  o.e.m.j.i.AbstractJavaProjectConfigurator - Adding resource folder /StoreLogin/src/main/resources
2021-11-22 21:13:50,838 [Worker-116: Updating Maven Project] INFO  o.e.m.j.i.AbstractJavaProjectConfigurator - Adding source folder /StoreLogin/src/test/java
2021-11-22 21:13:51,121 [Worker-116: Updating Maven Project] INFO  o.e.m.c.i.p.ProjectConfigurationManager - Update completed: 0 sec
2021-11-22 21:13:51,819 [Worker-111: Building workspace] INFO  o.e.m.c.i.embedder.EclipseLogger - Using 'UTF-8' encoding to copy filtered resources.
2021-11-22 21:13:51,820 [Worker-111: Building workspace] INFO  o.e.m.c.i.embedder.EclipseLogger - Copying 2 resources
2021-11-22 21:13:51,833 [Worker-111: Building workspace] INFO  o.e.m.c.i.embedder.EclipseLogger - Copying 3 resources
2021-11-22 21:13:51,842 [Worker-111: Building workspace] INFO  o.e.m.c.i.embedder.EclipseLogger - Using 'UTF-8' encoding to copy filtered resources.
2021-11-22 21:13:51,842 [Worker-111: Building workspace] INFO  o.e.m.c.i.embedder.EclipseLogger - skip non existing resourceDirectory C:\IBM\MyMicroservice\StoreLogin\src\test\resources
2021-11-22 21:13:53,217 [Worker-111: Building workspace] INFO  o.e.m.c.i.embedder.EclipseLogger - Using 'UTF-8' encoding to copy filtered resources.
2021-11-22 21:13:53,218 [Worker-111: Building workspace] INFO  o.e.m.c.i.embedder.EclipseLogger - Copying 0 resource
2021-11-22 21:13:53,219 [Worker-111: Building workspace] INFO  o.e.m.c.i.embedder.EclipseLogger - Copying 0 resource
2021-11-22 21:13:53,220 [Worker-111: Building workspace] INFO  o.e.m.c.i.embedder.EclipseLogger - Using 'UTF-8' encoding to copy filtered resources.
2021-11-22 21:13:53,220 [Worker-111: Building workspace] INFO  o.e.m.c.i.embedder.EclipseLogger - skip non existing resourceDirectory C:\IBM\MyMicroservice\StoreLogin\src\test\resources
